<?xml version="1.0" encoding="UTF-8"?>
<testsuite xmlns:xsi="http://www.w3.org/2001/XMLSchema-instance" xsi:noNamespaceSchemaLocation="https://maven.apache.org/surefire/maven-surefire-plugin/xsd/surefire-test-report-3.0.xsd" version="3.0" name="com.amadeus.AppTest" time="0.007" tests="1" errors="0" skipped="0" failures="0">
  <properties>
    <property name="sun.desktop" value="windows"/>
    <property name="awt.toolkit" value="sun.awt.windows.WToolkit"/>
    <property name="file.encoding.pkg" value="sun.io"/>
    <property name="java.specification.version" value="1.8"/>
    <property name="sun.cpu.isalist" value="amd64"/>
    <property name="sun.jnu.encoding" value="GBK"/>
    <property name="java.class.path" value="E:\learnJavaWeb\web_project\maven-project01\target\test-classes;E:\learnJavaWeb\web_project\maven-project01\target\classes;D:\apache-maven-3.9.9\mvn_repo\junit\junit\3.8.1\junit-3.8.1.jar;D:\apache-maven-3.9.9\mvn_repo\ch\qos\logback\logback-classic\1.5.6\logback-classic-1.5.6.jar;D:\apache-maven-3.9.9\mvn_repo\ch\qos\logback\logback-core\1.5.6\logback-core-1.5.6.jar;D:\apache-maven-3.9.9\mvn_repo\org\slf4j\slf4j-api\2.0.13\slf4j-api-2.0.13.jar;"/>
    <property name="java.vm.vendor" value="Oracle Corporation"/>
    <property name="sun.arch.data.model" value="64"/>
    <property name="user.variant" value=""/>
    <property name="java.vendor.url" value="http://java.oracle.com/"/>
    <property name="user.timezone" value="Asia/Shanghai"/>
    <property name="java.vm.specification.version" value="1.8"/>
    <property name="os.name" value="Windows 10"/>
    <property name="user.country" value="CN"/>
    <property name="sun.java.launcher" value="SUN_STANDARD"/>
    <property name="sun.boot.library.path" value="E:\jdk1.8.0_111\jre\bin"/>
    <property name="sun.java.command" value="C:\Users\Administrator\AppData\Local\Temp\surefire5732725692068747210\surefirebooter-20241129141247521_3.jar C:\Users\Administrator\AppData\Local\Temp\surefire5732725692068747210 2024-11-29T14-12-47_194-jvmRun1 surefire-20241129141247521_1tmp surefire_0-20241129141247521_2tmp"/>
    <property name="surefire.test.class.path" value="E:\learnJavaWeb\web_project\maven-project01\target\test-classes;E:\learnJavaWeb\web_project\maven-project01\target\classes;D:\apache-maven-3.9.9\mvn_repo\junit\junit\3.8.1\junit-3.8.1.jar;D:\apache-maven-3.9.9\mvn_repo\ch\qos\logback\logback-classic\1.5.6\logback-classic-1.5.6.jar;D:\apache-maven-3.9.9\mvn_repo\ch\qos\logback\logback-core\1.5.6\logback-core-1.5.6.jar;D:\apache-maven-3.9.9\mvn_repo\org\slf4j\slf4j-api\2.0.13\slf4j-api-2.0.13.jar;"/>
    <property name="sun.cpu.endian" value="little"/>
    <property name="user.home" value="C:\Users\Administrator"/>
    <property name="user.language" value="zh"/>
    <property name="java.specification.vendor" value="Oracle Corporation"/>
    <property name="java.home" value="E:\jdk1.8.0_111\jre"/>
    <property name="basedir" value="E:\learnJavaWeb\web_project\maven-project01"/>
    <property name="file.separator" value="\"/>
    <property name="line.separator" value="&#10;"/>
    <property name="java.vm.specification.vendor" value="Oracle Corporation"/>
    <property name="java.specification.name" value="Java Platform API Specification"/>
    <property name="java.awt.graphicsenv" value="sun.awt.Win32GraphicsEnvironment"/>
    <property name="surefire.real.class.path" value="C:\Users\Administrator\AppData\Local\Temp\surefire5732725692068747210\surefirebooter-20241129141247521_3.jar"/>
    <property name="sun.boot.class.path" value="E:\jdk1.8.0_111\jre\lib\resources.jar;E:\jdk1.8.0_111\jre\lib\rt.jar;E:\jdk1.8.0_111\jre\lib\sunrsasign.jar;E:\jdk1.8.0_111\jre\lib\jsse.jar;E:\jdk1.8.0_111\jre\lib\jce.jar;E:\jdk1.8.0_111\jre\lib\charsets.jar;E:\jdk1.8.0_111\jre\lib\jfr.jar;E:\jdk1.8.0_111\jre\classes"/>
    <property name="user.script" value=""/>
    <property name="sun.management.compiler" value="HotSpot 64-Bit Tiered Compilers"/>
    <property name="java.runtime.version" value="1.8.0_111-b14"/>
    <property name="user.name" value="wanglilong"/>
    <property name="path.separator" value=";"/>
    <property name="os.version" value="10.0"/>
    <property name="java.endorsed.dirs" value="E:\jdk1.8.0_111\jre\lib\endorsed"/>
    <property name="java.runtime.name" value="Java(TM) SE Runtime Environment"/>
    <property name="file.encoding" value="GBK"/>
    <property name="java.vm.name" value="Java HotSpot(TM) 64-Bit Server VM"/>
    <property name="localRepository" value="D:\apache-maven-3.9.9\mvn_repo"/>
    <property name="java.vendor.url.bug" value="http://bugreport.sun.com/bugreport/"/>
    <property name="java.io.tmpdir" value="C:\Users\ADMINI~1\AppData\Local\Temp\"/>
    <property name="idea.version" value="2024.2.4"/>
    <property name="java.version" value="1.8.0_111"/>
    <property name="user.dir" value="E:\learnJavaWeb\web_project\maven-project01"/>
    <property name="os.arch" value="amd64"/>
    <property name="java.vm.specification.name" value="Java Virtual Machine Specification"/>
    <property name="java.awt.printerjob" value="sun.awt.windows.WPrinterJob"/>
    <property name="sun.os.patch.level" value=""/>
    <property name="java.library.path" value="E:\jdk1.8.0_111\jre\bin;C:\Windows\Sun\Java\bin;C:\Windows\system32;C:\Windows;E:\python3\Scripts\;E:\python3\;C:\ProgramData\Oracle\Java\javapath;C:\Program Files\Common Files\Oracle\Java\javapath;C:\Windows\system32;C:\Windows;C:\Windows\System32\Wbem;C:\Windows\System32\WindowsPowerShell\v1.0\;C:\Windows\System32\OpenSSH\;C:\Program Files\dotnet\;D:\Git\cmd;D:\WinSCP\;C:\Program Files (x86)\NVIDIA Corporation\PhysX\Common;&quot;;E:\jdk1.8.0_111\bin;E:\jdk1.8.0_111\jre\bin&quot;;E:\apache-ant-1.10.5\bin;C:\ProgramData\chocolatey\bin;D:\nvm;C:\Program Files\nodejs;D:\apache-maven-3.9.9\bin;C:\Program Files\MySQL\MySQL Shell 8.0\bin\;C:\Users\Administrator\AppData\Local\Microsoft\WindowsApps;D:\WebStorm 2023.1\bin;;D:\IntelliJ IDEA 2024.2.4\bin;;D:\IntelliJ IDEA Community Edition 2024.1.1\bin;;D:\Microsoft VS Code\bin;D:\nvm;C:\Program Files\nodejs;C:\Users\Administrator\AppData\Roaming\npm;."/>
    <property name="java.vm.info" value="mixed mode"/>
    <property name="java.vendor" value="Oracle Corporation"/>
    <property name="java.vm.version" value="25.111-b14"/>
    <property name="java.ext.dirs" value="E:\jdk1.8.0_111\jre\lib\ext;C:\Windows\Sun\Java\lib\ext"/>
    <property name="sun.io.unicode.encoding" value="UnicodeLittle"/>
    <property name="java.class.version" value="52.0"/>
  </properties>
  <testcase name="testApp" classname="com.amadeus.AppTest" time="0.0"/>
</testsuite>